c:\programmingprojects\publicrepos\orbitlab\lab07\x64\debug\vc143.pdb
c:\programmingprojects\publicrepos\orbitlab\lab07\x64\debug\vc143.idb
c:\programmingprojects\publicrepos\orbitlab\lab07\x64\debug\whole.obj
c:\programmingprojects\publicrepos\orbitlab\lab07\x64\debug\velocity.obj
c:\programmingprojects\publicrepos\orbitlab\lab07\x64\debug\uiinteract.obj
c:\programmingprojects\publicrepos\orbitlab\lab07\x64\debug\uidraw.obj
c:\programmingprojects\publicrepos\orbitlab\lab07\x64\debug\testsatellite.obj
c:\programmingprojects\publicrepos\orbitlab\lab07\x64\debug\test.obj
c:\programmingprojects\publicrepos\orbitlab\lab07\x64\debug\starlink.obj
c:\programmingprojects\publicrepos\orbitlab\lab07\x64\debug\sputnik.obj
c:\programmingprojects\publicrepos\orbitlab\lab07\x64\debug\satellite.obj
c:\programmingprojects\publicrepos\orbitlab\lab07\x64\debug\gps.obj
c:\programmingprojects\publicrepos\orbitlab\lab07\x64\debug\position.obj
c:\programmingprojects\publicrepos\orbitlab\lab07\x64\debug\lab07.obj
c:\programmingprojects\publicrepos\orbitlab\lab07\x64\debug\hubble.obj
c:\programmingprojects\publicrepos\orbitlab\lab07\x64\debug\dreamchaser.obj
c:\programmingprojects\publicrepos\orbitlab\lab07\x64\debug\dragon.obj
c:\programmingprojects\publicrepos\orbitlab\lab07\x64\debug\direction.obj
c:\programmingprojects\publicrepos\orbitlab\lab07\x64\debug\acceleration.obj
c:\programmingprojects\publicrepos\orbitlab\x64\debug\lab07.exe
c:\programmingprojects\publicrepos\orbitlab\x64\debug\lab07.pdb
c:\programmingprojects\publicrepos\orbitlab\lab07\x64\debug\lab07.ilk
c:\programmingprojects\publicrepos\orbitlab\lab07\x64\debug\physics.obj
c:\programmingprojects\publicrepos\orbitlab\lab07\x64\debug\lab07.tlog\cl.command.1.tlog
c:\programmingprojects\publicrepos\orbitlab\lab07\x64\debug\lab07.tlog\cl.items.tlog
c:\programmingprojects\publicrepos\orbitlab\lab07\x64\debug\lab07.tlog\cl.read.1.tlog
c:\programmingprojects\publicrepos\orbitlab\lab07\x64\debug\lab07.tlog\cl.write.1.tlog
c:\programmingprojects\publicrepos\orbitlab\lab07\x64\debug\lab07.tlog\link.command.1.tlog
c:\programmingprojects\publicrepos\orbitlab\lab07\x64\debug\lab07.tlog\link.read.1.tlog
c:\programmingprojects\publicrepos\orbitlab\lab07\x64\debug\lab07.tlog\link.secondary.1.tlog
c:\programmingprojects\publicrepos\orbitlab\lab07\x64\debug\lab07.tlog\link.write.1.tlog
